2024-06-12T10:58:31.660+08:00  INFO 24320 --- [restartedMain] c.s.b.BackendApplication                 : Starting BackendApplication using Java 17.0.10 with PID 24320 (C:\Users\benedict.yick\Documents\swimming\backend\build\classes\java\main started by benedict.yick in C:\Users\benedict.yick\Documents\swimming\backend)
2024-06-12T10:58:31.683+08:00  INFO 24320 --- [restartedMain] c.s.b.BackendApplication                 : The following 1 profile is active: "dev"
2024-06-12T10:58:33.616+08:00  INFO 24320 --- [restartedMain] .s.d.r.c.RepositoryConfigurationDelegate : Bootstrapping Spring Data JPA repositories in DEFAULT mode.
2024-06-12T10:58:33.891+08:00  INFO 24320 --- [restartedMain] .s.d.r.c.RepositoryConfigurationDelegate : Finished Spring Data repository scanning in 255 ms. Found 1 JPA repository interface.
2024-06-12T10:58:35.288+08:00  INFO 24320 --- [restartedMain] o.s.b.w.e.t.TomcatWebServer              : Tomcat initialized with port 8080 (http)
2024-06-12T10:58:35.328+08:00  INFO 24320 --- [restartedMain] o.a.c.c.StandardService                  : Starting service [Tomcat]
2024-06-12T10:58:35.330+08:00  INFO 24320 --- [restartedMain] o.a.c.c.StandardEngine                   : Starting Servlet engine: [Apache Tomcat/10.1.24]
2024-06-12T10:58:35.486+08:00  INFO 24320 --- [restartedMain] o.a.c.c.C.[.[.[/]                        : Initializing Spring embedded WebApplicationContext
2024-06-12T10:58:35.490+08:00  INFO 24320 --- [restartedMain] w.s.c.ServletWebServerApplicationContext : Root WebApplicationContext: initialization completed in 3699 ms
2024-06-12T10:58:35.544+08:00 DEBUG 24320 --- [restartedMain] o.s.b.w.s.ServletContextInitializerBeans : Mapping filters: springSecurityFilterChain urls=[/*] order=-100, characterEncodingFilter urls=[/*] order=-2147483648, formContentFilter urls=[/*] order=-9900, requestContextFilter urls=[/*] order=-105
2024-06-12T10:58:35.548+08:00 DEBUG 24320 --- [restartedMain] o.s.b.w.s.ServletContextInitializerBeans : Mapping servlets: dispatcherServlet urls=[/]
2024-06-12T10:58:35.921+08:00  INFO 24320 --- [restartedMain] o.h.j.i.u.LogHelper                      : HHH000204: Processing PersistenceUnitInfo [name: default]
2024-06-12T10:58:36.127+08:00  INFO 24320 --- [restartedMain] o.h.Version                              : HHH000412: Hibernate ORM core version 6.5.2.Final
2024-06-12T10:58:36.210+08:00  INFO 24320 --- [restartedMain] o.h.c.i.RegionFactoryInitiator           : HHH000026: Second-level cache disabled
2024-06-12T10:58:36.941+08:00  INFO 24320 --- [restartedMain] o.s.o.j.p.SpringPersistenceUnitInfo      : No LoadTimeWeaver setup: ignoring JPA class transformer
2024-06-12T10:58:37.028+08:00  INFO 24320 --- [restartedMain] c.z.h.HikariDataSource                   : HikariPool-1 - Starting...
2024-06-12T10:58:37.366+08:00  INFO 24320 --- [restartedMain] c.z.h.p.HikariPool                       : HikariPool-1 - Added connection com.mysql.cj.jdbc.ConnectionImpl@380e7504
2024-06-12T10:58:37.371+08:00  INFO 24320 --- [restartedMain] c.z.h.HikariDataSource                   : HikariPool-1 - Start completed.
2024-06-12T10:58:38.753+08:00  INFO 24320 --- [restartedMain] o.h.e.t.j.p.i.JtaPlatformInitiator       : HHH000489: No JTA platform available (set 'hibernate.transaction.jta.platform' to enable JTA platform integration)
2024-06-12T10:58:38.853+08:00  INFO 24320 --- [restartedMain] j.LocalContainerEntityManagerFactoryBean : Initialized JPA EntityManagerFactory for persistence unit 'default'
2024-06-12T10:58:39.669+08:00  WARN 24320 --- [restartedMain] JpaBaseConfiguration$JpaWebConfiguration : spring.jpa.open-in-view is enabled by default. Therefore, database queries may be performed during view rendering. Explicitly configure spring.jpa.open-in-view to disable this warning
2024-06-12T10:58:40.561+08:00  WARN 24320 --- [restartedMain] .s.s.UserDetailsServiceAutoConfiguration : 

Using generated security password: fc569a5c-3340-41e9-a6a1-82610437124d

This generated password is for development use only. Your security configuration must be updated before running your application in production.

2024-06-12T10:58:40.628+08:00  INFO 24320 --- [restartedMain] r$InitializeUserDetailsManagerConfigurer : Global AuthenticationManager configured with UserDetailsService bean with name inMemoryUserDetailsManager
2024-06-12T10:58:40.858+08:00  INFO 24320 --- [restartedMain] o.s.s.w.DefaultSecurityFilterChain       : Will secure any request with [org.springframework.security.web.session.DisableEncodeUrlFilter@3ba517a2, org.springframework.security.web.context.request.async.WebAsyncManagerIntegrationFilter@3442c689, org.springframework.security.web.context.SecurityContextHolderFilter@187b498b, org.springframework.security.web.header.HeaderWriterFilter@39fd7cf5, org.springframework.web.filter.CorsFilter@2a72a581, org.springframework.security.web.csrf.CsrfFilter@75c1a6c9, org.springframework.security.web.authentication.logout.LogoutFilter@7e2c8018, org.springframework.security.web.authentication.UsernamePasswordAuthenticationFilter@6c19a777, org.springframework.security.web.authentication.ui.DefaultLoginPageGeneratingFilter@7dc8cfe2, org.springframework.security.web.authentication.ui.DefaultLogoutPageGeneratingFilter@63caca63, org.springframework.security.web.authentication.www.BasicAuthenticationFilter@765f26f1, org.springframework.security.web.savedrequest.RequestCacheAwareFilter@70a09a7a, org.springframework.security.web.servletapi.SecurityContextHolderAwareRequestFilter@76fc76bd, org.springframework.security.web.authentication.AnonymousAuthenticationFilter@7041c9bf, org.springframework.security.web.access.ExceptionTranslationFilter@3ed69249, org.springframework.security.web.access.intercept.AuthorizationFilter@1851502c]
2024-06-12T10:58:41.018+08:00  INFO 24320 --- [restartedMain] o.s.b.d.a.OptionalLiveReloadServer       : LiveReload server is running on port 35729
2024-06-12T10:58:41.089+08:00  INFO 24320 --- [restartedMain] o.s.b.w.e.t.TomcatWebServer              : Tomcat started on port 8080 (http) with context path '/'
2024-06-12T10:58:41.113+08:00  INFO 24320 --- [restartedMain] c.s.b.BackendApplication                 : Started BackendApplication in 10.385 seconds (process running for 11.986)
2024-06-13T12:20:26.382+08:00  INFO 19796 --- [restartedMain] c.s.b.BackendApplication                 : Starting BackendApplication using Java 17.0.10 with PID 19796 (C:\Users\benedict.yick\Documents\swimming\backend\build\classes\java\main started by benedict.yick in C:\Users\benedict.yick\Documents\swimming\backend)
2024-06-13T12:20:26.400+08:00  INFO 19796 --- [restartedMain] c.s.b.BackendApplication                 : The following 1 profile is active: "dev"
2024-06-13T12:20:28.202+08:00  INFO 19796 --- [restartedMain] .s.d.r.c.RepositoryConfigurationDelegate : Bootstrapping Spring Data JPA repositories in DEFAULT mode.
2024-06-13T12:20:28.955+08:00  INFO 19796 --- [restartedMain] .s.d.r.c.RepositoryConfigurationDelegate : Finished Spring Data repository scanning in 733 ms. Found 1 JPA repository interface.
2024-06-13T12:20:31.017+08:00  INFO 19796 --- [restartedMain] o.s.b.w.e.t.TomcatWebServer              : Tomcat initialized with port 8080 (http)
2024-06-13T12:20:31.045+08:00  INFO 19796 --- [restartedMain] o.a.c.c.StandardService                  : Starting service [Tomcat]
2024-06-13T12:20:31.046+08:00  INFO 19796 --- [restartedMain] o.a.c.c.StandardEngine                   : Starting Servlet engine: [Apache Tomcat/10.1.24]
2024-06-13T12:20:31.241+08:00  INFO 19796 --- [restartedMain] o.a.c.c.C.[.[.[/]                        : Initializing Spring embedded WebApplicationContext
2024-06-13T12:20:31.248+08:00  INFO 19796 --- [restartedMain] w.s.c.ServletWebServerApplicationContext : Root WebApplicationContext: initialization completed in 4745 ms
2024-06-13T12:20:31.311+08:00 DEBUG 19796 --- [restartedMain] o.s.b.w.s.ServletContextInitializerBeans : Mapping filters: characterEncodingFilter urls=[/*] order=-2147483648, formContentFilter urls=[/*] order=-9900, requestContextFilter urls=[/*] order=-105
2024-06-13T12:20:31.325+08:00 DEBUG 19796 --- [restartedMain] o.s.b.w.s.ServletContextInitializerBeans : Mapping servlets: dispatcherServlet urls=[/]
2024-06-13T12:20:31.872+08:00  INFO 19796 --- [restartedMain] o.h.j.i.u.LogHelper                      : HHH000204: Processing PersistenceUnitInfo [name: default]
2024-06-13T12:20:32.069+08:00  INFO 19796 --- [restartedMain] o.h.Version                              : HHH000412: Hibernate ORM core version 6.5.2.Final
2024-06-13T12:20:32.185+08:00  INFO 19796 --- [restartedMain] o.h.c.i.RegionFactoryInitiator           : HHH000026: Second-level cache disabled
2024-06-13T12:20:32.821+08:00  INFO 19796 --- [restartedMain] o.s.o.j.p.SpringPersistenceUnitInfo      : No LoadTimeWeaver setup: ignoring JPA class transformer
2024-06-13T12:20:32.892+08:00  INFO 19796 --- [restartedMain] c.z.h.HikariDataSource                   : HikariPool-1 - Starting...
2024-06-13T12:20:33.153+08:00  INFO 19796 --- [restartedMain] c.z.h.p.HikariPool                       : HikariPool-1 - Added connection com.mysql.cj.jdbc.ConnectionImpl@27d7f4bc
2024-06-13T12:20:33.157+08:00  INFO 19796 --- [restartedMain] c.z.h.HikariDataSource                   : HikariPool-1 - Start completed.
2024-06-13T12:20:34.577+08:00  INFO 19796 --- [restartedMain] o.h.e.t.j.p.i.JtaPlatformInitiator       : HHH000489: No JTA platform available (set 'hibernate.transaction.jta.platform' to enable JTA platform integration)
2024-06-13T12:20:34.687+08:00  INFO 19796 --- [restartedMain] j.LocalContainerEntityManagerFactoryBean : Initialized JPA EntityManagerFactory for persistence unit 'default'
2024-06-13T12:20:35.969+08:00  WARN 19796 --- [restartedMain] JpaBaseConfiguration$JpaWebConfiguration : spring.jpa.open-in-view is enabled by default. Therefore, database queries may be performed during view rendering. Explicitly configure spring.jpa.open-in-view to disable this warning
2024-06-13T12:20:36.919+08:00  INFO 19796 --- [restartedMain] o.s.b.d.a.OptionalLiveReloadServer       : LiveReload server is running on port 35729
2024-06-13T12:20:36.991+08:00  INFO 19796 --- [restartedMain] o.s.b.w.e.t.TomcatWebServer              : Tomcat started on port 8080 (http) with context path '/'
2024-06-13T12:20:37.018+08:00  INFO 19796 --- [restartedMain] c.s.b.BackendApplication                 : Started BackendApplication in 11.479 seconds (process running for 14.016)
2024-06-13T12:20:42.628+08:00  INFO 19796 --- [http-nio-8080-exec-3] o.a.c.c.C.[.[.[/]                        : Initializing Spring DispatcherServlet 'dispatcherServlet'
2024-06-13T12:20:42.628+08:00  INFO 19796 --- [http-nio-8080-exec-3] o.s.w.s.DispatcherServlet                : Initializing Servlet 'dispatcherServlet'
2024-06-13T12:20:42.631+08:00  INFO 19796 --- [http-nio-8080-exec-3] o.s.w.s.DispatcherServlet                : Completed initialization in 2 ms
2024-09-04T11:24:54.081+08:00  INFO 26900 --- [restartedMain] c.s.b.BackendApplication                 : Starting BackendApplication using Java 17.0.10 with PID 26900 (C:\Users\benedict.yick\Documents\swimming\backend\build\classes\java\main started by benedict.yick in C:\Users\benedict.yick\Documents\swimming\backend)
2024-09-04T11:24:54.118+08:00  INFO 26900 --- [restartedMain] c.s.b.BackendApplication                 : The following 1 profile is active: "dev"
2024-09-04T11:24:56.890+08:00  INFO 26900 --- [restartedMain] .s.d.r.c.RepositoryConfigurationDelegate : Bootstrapping Spring Data JPA repositories in DEFAULT mode.
2024-09-04T11:24:57.149+08:00  INFO 26900 --- [restartedMain] .s.d.r.c.RepositoryConfigurationDelegate : Finished Spring Data repository scanning in 244 ms. Found 2 JPA repository interfaces.
2024-09-04T11:24:59.076+08:00  INFO 26900 --- [restartedMain] o.s.b.w.e.t.TomcatWebServer              : Tomcat initialized with port 8080 (http)
2024-09-04T11:24:59.139+08:00  INFO 26900 --- [restartedMain] o.a.c.c.StandardService                  : Starting service [Tomcat]
2024-09-04T11:24:59.157+08:00  INFO 26900 --- [restartedMain] o.a.c.c.StandardEngine                   : Starting Servlet engine: [Apache Tomcat/10.1.24]
2024-09-04T11:24:59.431+08:00  INFO 26900 --- [restartedMain] o.a.c.c.C.[.[.[/]                        : Initializing Spring embedded WebApplicationContext
2024-09-04T11:24:59.436+08:00  INFO 26900 --- [restartedMain] w.s.c.ServletWebServerApplicationContext : Root WebApplicationContext: initialization completed in 4925 ms
2024-09-04T11:24:59.476+08:00 DEBUG 26900 --- [restartedMain] o.s.b.w.s.ServletContextInitializerBeans : Mapping filters: characterEncodingFilter urls=[/*] order=-2147483648, formContentFilter urls=[/*] order=-9900, requestContextFilter urls=[/*] order=-105
2024-09-04T11:24:59.480+08:00 DEBUG 26900 --- [restartedMain] o.s.b.w.s.ServletContextInitializerBeans : Mapping servlets: dispatcherServlet urls=[/]
2024-09-04T11:25:00.057+08:00  INFO 26900 --- [restartedMain] o.h.j.i.u.LogHelper                      : HHH000204: Processing PersistenceUnitInfo [name: default]
2024-09-04T11:25:00.269+08:00  INFO 26900 --- [restartedMain] o.h.Version                              : HHH000412: Hibernate ORM core version 6.5.2.Final
2024-09-04T11:25:00.381+08:00  INFO 26900 --- [restartedMain] o.h.c.i.RegionFactoryInitiator           : HHH000026: Second-level cache disabled
2024-09-04T11:25:01.374+08:00  INFO 26900 --- [restartedMain] o.s.o.j.p.SpringPersistenceUnitInfo      : No LoadTimeWeaver setup: ignoring JPA class transformer
2024-09-04T11:25:01.464+08:00  INFO 26900 --- [restartedMain] c.z.h.HikariDataSource                   : HikariPool-1 - Starting...
2024-09-04T11:25:01.904+08:00  INFO 26900 --- [restartedMain] c.z.h.p.HikariPool                       : HikariPool-1 - Added connection com.mysql.cj.jdbc.ConnectionImpl@35fd73eb
2024-09-04T11:25:01.910+08:00  INFO 26900 --- [restartedMain] c.z.h.HikariDataSource                   : HikariPool-1 - Start completed.
2024-09-04T11:25:04.773+08:00  INFO 26900 --- [restartedMain] o.h.e.t.j.p.i.JtaPlatformInitiator       : HHH000489: No JTA platform available (set 'hibernate.transaction.jta.platform' to enable JTA platform integration)
2024-09-04T11:25:05.585+08:00  INFO 26900 --- [restartedMain] j.LocalContainerEntityManagerFactoryBean : Initialized JPA EntityManagerFactory for persistence unit 'default'
2024-09-04T11:25:07.862+08:00  WARN 26900 --- [restartedMain] JpaBaseConfiguration$JpaWebConfiguration : spring.jpa.open-in-view is enabled by default. Therefore, database queries may be performed during view rendering. Explicitly configure spring.jpa.open-in-view to disable this warning
2024-09-04T11:25:11.751+08:00  INFO 26900 --- [restartedMain] o.s.b.d.a.OptionalLiveReloadServer       : LiveReload server is running on port 35729
2024-09-04T11:25:11.996+08:00  INFO 26900 --- [restartedMain] o.s.b.w.e.t.TomcatWebServer              : Tomcat started on port 8080 (http) with context path '/'
2024-09-04T11:25:12.358+08:00  INFO 26900 --- [restartedMain] c.s.b.BackendApplication                 : Started BackendApplication in 19.603 seconds (process running for 22.302)
2024-09-04T11:25:12.879+08:00  INFO 26900 --- [http-nio-8080-exec-1] o.a.c.c.C.[.[.[/]                        : Initializing Spring DispatcherServlet 'dispatcherServlet'
2024-09-04T11:25:12.886+08:00  INFO 26900 --- [http-nio-8080-exec-1] o.s.w.s.DispatcherServlet                : Initializing Servlet 'dispatcherServlet'
2024-09-04T11:25:12.954+08:00  INFO 26900 --- [http-nio-8080-exec-1] o.s.w.s.DispatcherServlet                : Completed initialization in 5 ms
